D:\Work\_ASP CORE ANGULAR TEMPLATES\ng6core2.1\fullControl\ClientApp\dist\out-tsc\src\app\app.component.js
D:\Work\_ASP CORE ANGULAR TEMPLATES\ng6core2.1\fullControl\ClientApp\dist\out-tsc\src\app\app.component.js.map
D:\Work\_ASP CORE ANGULAR TEMPLATES\ng6core2.1\fullControl\ClientApp\dist\out-tsc\src\environments\environment.js
D:\Work\_ASP CORE ANGULAR TEMPLATES\ng6core2.1\fullControl\ClientApp\dist\out-tsc\src\environments\environment.js.map
D:\Work\_ASP CORE ANGULAR TEMPLATES\ng6core2.1\fullControl\ClientApp\dist\out-tsc\src\app\services\articals.service.js
D:\Work\_ASP CORE ANGULAR TEMPLATES\ng6core2.1\fullControl\ClientApp\dist\out-tsc\src\app\services\articals.service.js.map
D:\Work\_ASP CORE ANGULAR TEMPLATES\ng6core2.1\fullControl\ClientApp\dist\out-tsc\src\app\pages\articals\articals.component.js
D:\Work\_ASP CORE ANGULAR TEMPLATES\ng6core2.1\fullControl\ClientApp\dist\out-tsc\src\app\pages\articals\articals.component.js.map
D:\Work\_ASP CORE ANGULAR TEMPLATES\ng6core2.1\fullControl\ClientApp\dist\out-tsc\src\app\app.module.js
D:\Work\_ASP CORE ANGULAR TEMPLATES\ng6core2.1\fullControl\ClientApp\dist\out-tsc\src\app\app.module.js.map
D:\Work\_ASP CORE ANGULAR TEMPLATES\ng6core2.1\fullControl\ClientApp\dist\out-tsc\src\main.js
D:\Work\_ASP CORE ANGULAR TEMPLATES\ng6core2.1\fullControl\ClientApp\dist\out-tsc\src\main.js.map
D:\Work\_ASP CORE ANGULAR TEMPLATES\ng6core2.1\fullControl\ClientApp\dist\out-tsc\src\polyfills.js
D:\Work\_ASP CORE ANGULAR TEMPLATES\ng6core2.1\fullControl\ClientApp\dist\out-tsc\src\polyfills.js.map
D:\Work\_ASP CORE ANGULAR TEMPLATES\ng6core2.1\fullControl\ClientApp\dist\out-tsc\src\test.js
D:\Work\_ASP CORE ANGULAR TEMPLATES\ng6core2.1\fullControl\ClientApp\dist\out-tsc\src\test.js.map
D:\Work\_ASP CORE ANGULAR TEMPLATES\ng6core2.1\fullControl\ClientApp\dist\out-tsc\e2e\src\app.po.js
D:\Work\_ASP CORE ANGULAR TEMPLATES\ng6core2.1\fullControl\ClientApp\dist\out-tsc\e2e\src\app.po.js.map
D:\Work\_ASP CORE ANGULAR TEMPLATES\ng6core2.1\fullControl\ClientApp\dist\out-tsc\e2e\src\app.e2e-spec.js
D:\Work\_ASP CORE ANGULAR TEMPLATES\ng6core2.1\fullControl\ClientApp\dist\out-tsc\e2e\src\app.e2e-spec.js.map
D:\Work\_ASP CORE ANGULAR TEMPLATES\ng6core2.1\fullControl\ClientApp\dist\out-tsc\src\app\app.component.spec.js
D:\Work\_ASP CORE ANGULAR TEMPLATES\ng6core2.1\fullControl\ClientApp\dist\out-tsc\src\app\app.component.spec.js.map
D:\Work\_ASP CORE ANGULAR TEMPLATES\ng6core2.1\fullControl\ClientApp\dist\out-tsc\src\environments\environment.prod.js
D:\Work\_ASP CORE ANGULAR TEMPLATES\ng6core2.1\fullControl\ClientApp\dist\out-tsc\src\environments\environment.prod.js.map
D:\Work\_ASP CORE ANGULAR TEMPLATES\ng6core2.1\fullControl\ClientApp\dist\out-tsc\src\app\services\articals.service.spec.js
D:\Work\_ASP CORE ANGULAR TEMPLATES\ng6core2.1\fullControl\ClientApp\dist\out-tsc\src\app\services\articals.service.spec.js.map
D:\Work\_ASP CORE ANGULAR TEMPLATES\ng6core2.1\fullControl\ClientApp\dist\out-tsc\src\app\pages\articals\articals.component.spec.js
D:\Work\_ASP CORE ANGULAR TEMPLATES\ng6core2.1\fullControl\ClientApp\dist\out-tsc\src\app\pages\articals\articals.component.spec.js.map
